<?xml version="1.0" encoding="UTF-8"?>
<testng-results ignored="0" total="4" passed="4" failed="0" skipped="0">
  <reporter-output>
  </reporter-output>
  <suite started-at="2024-11-14T20:00:17 CST" name="PetSuite" finished-at="2024-11-14T20:00:21 CST" duration-ms="3673">
    <groups>
    </groups>
    <test started-at="2024-11-14T20:00:17 CST" name="PetTest" finished-at="2024-11-14T20:00:21 CST" duration-ms="3673">
      <class name="api.test.UserTests">
        <test-method is-config="true" signature="Setup()[pri:0, instance:api.test.UserTests@6c130c45]" started-at="2024-11-14T20:00:17 CST" name="Setup" finished-at="2024-11-14T20:00:18 CST" duration-ms="185" status="PASS">
          <reporter-output>
          </reporter-output>
        </test-method> <!-- Setup -->
        <test-method signature="testPostUser()[pri:1, instance:api.test.UserTests@6c130c45]" started-at="2024-11-14T20:00:18 CST" name="testPostUser" finished-at="2024-11-14T20:00:20 CST" duration-ms="2239" status="PASS">
          <reporter-output>
          </reporter-output>
        </test-method> <!-- testPostUser -->
        <test-method signature="testGetUserByName()[pri:2, instance:api.test.UserTests@6c130c45]" started-at="2024-11-14T20:00:20 CST" name="testGetUserByName" finished-at="2024-11-14T20:00:20 CST" duration-ms="237" status="PASS">
          <reporter-output>
          </reporter-output>
        </test-method> <!-- testGetUserByName -->
        <test-method signature="testUpdateUserbyName()[pri:3, instance:api.test.UserTests@6c130c45]" started-at="2024-11-14T20:00:20 CST" name="testUpdateUserbyName" finished-at="2024-11-14T20:00:21 CST" duration-ms="514" status="PASS">
          <reporter-output>
          </reporter-output>
        </test-method> <!-- testUpdateUserbyName -->
        <test-method signature="testDeleteUserbyName()[pri:4, instance:api.test.UserTests@6c130c45]" started-at="2024-11-14T20:00:21 CST" name="testDeleteUserbyName" finished-at="2024-11-14T20:00:21 CST" duration-ms="230" status="PASS">
          <reporter-output>
          </reporter-output>
        </test-method> <!-- testDeleteUserbyName -->
      </class> <!-- api.test.UserTests -->
    </test> <!-- PetTest -->
  </suite> <!-- PetSuite -->
</testng-results>
