<?xml version="1.0" encoding="UTF-8"?>
<!-- Generated by org.testng.reporters.JUnitXMLReporter -->
<testsuite ignored="0" hostname="ShruthiDixit" failures="0" tests="4" name="PetTest" time="4.013" errors="0" timestamp="2024-11-18T08:59:01 CST">
  <testcase classname="api.test.UserTests" name="testPostUser" time="2.641"/>
  <testcase classname="api.test.UserTests" name="testGetUserByName" time="0.296"/>
  <testcase classname="api.test.UserTests" name="testUpdateUserbyName" time="0.468"/>
  <testcase classname="api.test.UserTests" name="testDeleteUserbyName" time="0.236"/>
</testsuite> <!-- PetTest -->
