<?xml version="1.0" encoding="UTF-8"?>
<!-- Generated by org.testng.reporters.JUnitXMLReporter -->
<testsuite ignored="0" hostname="ShruthiDixit" failures="0" tests="4" name="PetTest" time="3.673" errors="0" timestamp="2024-11-14T20:00:21 CST">
  <testcase classname="api.test.UserTests" name="testPostUser" time="2.239"/>
  <testcase classname="api.test.UserTests" name="testGetUserByName" time="0.237"/>
  <testcase classname="api.test.UserTests" name="testUpdateUserbyName" time="0.514"/>
  <testcase classname="api.test.UserTests" name="testDeleteUserbyName" time="0.23"/>
</testsuite> <!-- PetTest -->
